<?xml version="1.0" encoding="UTF-8"?>
<!-- Generated by org.testng.reporters.JUnitXMLReporter -->
<testsuite ignored="0" hostname="CHNMCT335593L" failures="0" tests="4" name="Test" time="49.137" errors="0" timestamp="01 Sep 2020 15:04:49 GMT">
  <testcase classname="org.mycompany.TestClasses.LoginPageTest" name="verifyGetLoginPageTitle" time="0.034"/>
  <testcase classname="org.mycompany.TestClasses.LoginPageTest" name="verifyGetDemoPageGuru99Header" time="0.064"/>
  <testcase classname="org.mycompany.TestClasses.LoginPageTest" name="VerifyGetLoginPageDemoSiteHeader" time="0.058"/>
  <testcase classname="org.mycompany.TestClasses.LoginPageTest" name="testLogin" time="2.845"/>
</testsuite> <!-- Test -->
