<?xml version="1.0" encoding="UTF-8"?>
<!-- Generated by org.testng.reporters.JUnitXMLReporter -->
<testsuite ignored="0" hostname="CHNMCT335593L" failures="0" tests="4" name="Test" time="47.217" errors="0" timestamp="02 Sep 2020 13:14:52 GMT">
  <testcase classname="org.mycompany.TestClasses.LoginPageTest" name="verifyGetLoginPageTitle" time="0.03"/>
  <testcase classname="org.mycompany.TestClasses.LoginPageTest" name="verifyGetDemoPageGuru99Header" time="0.062"/>
  <testcase classname="org.mycompany.TestClasses.LoginPageTest" name="VerifyGetLoginPageDemoSiteHeader" time="0.052"/>
  <testcase classname="org.mycompany.TestClasses.LoginPageTest" name="testLogin" time="2.797"/>
</testsuite> <!-- Test -->
