<?xml version="1.0" encoding="UTF-8"?>
<testng-results ignored="0" total="4" passed="4" failed="0" skipped="0">
  <reporter-output>
  </reporter-output>
  <suite started-at="2020-09-02T13:14:05Z" name="Suite" finished-at="2020-09-02T13:14:52Z" duration-ms="47217">
    <groups>
    </groups>
    <test started-at="2020-09-02T13:14:05Z" name="Test" finished-at="2020-09-02T13:14:52Z" duration-ms="47217">
      <class name="org.mycompany.TestClasses.LoginPageTest">
        <test-method is-config="true" signature="setUp(java.lang.String)[pri:0, instance:org.mycompany.TestClasses.LoginPageTest@385e9564]" started-at="2020-09-02T18:44:05Z" name="setUp" finished-at="2020-09-02T18:44:19Z" duration-ms="13995" status="PASS">
          <params>
            <param index="0">
              <value>
                <![CDATA[chrome]]>
              </value>
            </param>
          </params>
          <reporter-output>
          </reporter-output>
        </test-method> <!-- setUp -->
        <test-method signature="verifyGetLoginPageTitle()[pri:1, instance:org.mycompany.TestClasses.LoginPageTest@385e9564]" started-at="2020-09-02T18:44:19Z" name="verifyGetLoginPageTitle" finished-at="2020-09-02T18:44:19Z" duration-ms="30" status="PASS">
          <reporter-output>
          </reporter-output>
        </test-method> <!-- verifyGetLoginPageTitle -->
        <test-method is-config="true" signature="setUp(java.lang.String)[pri:0, instance:org.mycompany.TestClasses.LoginPageTest@385e9564]" started-at="2020-09-02T18:44:19Z" name="setUp" finished-at="2020-09-02T18:44:29Z" duration-ms="9961" status="PASS">
          <params>
            <param index="0">
              <value>
                <![CDATA[chrome]]>
              </value>
            </param>
          </params>
          <reporter-output>
          </reporter-output>
        </test-method> <!-- setUp -->
        <test-method signature="verifyGetDemoPageGuru99Header()[pri:2, instance:org.mycompany.TestClasses.LoginPageTest@385e9564]" started-at="2020-09-02T18:44:29Z" name="verifyGetDemoPageGuru99Header" finished-at="2020-09-02T18:44:29Z" duration-ms="62" status="PASS">
          <reporter-output>
          </reporter-output>
        </test-method> <!-- verifyGetDemoPageGuru99Header -->
        <test-method is-config="true" signature="setUp(java.lang.String)[pri:0, instance:org.mycompany.TestClasses.LoginPageTest@385e9564]" started-at="2020-09-02T18:44:29Z" name="setUp" finished-at="2020-09-02T18:44:40Z" duration-ms="10385" status="PASS">
          <params>
            <param index="0">
              <value>
                <![CDATA[chrome]]>
              </value>
            </param>
          </params>
          <reporter-output>
          </reporter-output>
        </test-method> <!-- setUp -->
        <test-method signature="VerifyGetLoginPageDemoSiteHeader()[pri:3, instance:org.mycompany.TestClasses.LoginPageTest@385e9564]" started-at="2020-09-02T18:44:40Z" name="VerifyGetLoginPageDemoSiteHeader" finished-at="2020-09-02T18:44:40Z" duration-ms="52" status="PASS">
          <reporter-output>
          </reporter-output>
        </test-method> <!-- VerifyGetLoginPageDemoSiteHeader -->
        <test-method is-config="true" signature="setUp(java.lang.String)[pri:0, instance:org.mycompany.TestClasses.LoginPageTest@385e9564]" started-at="2020-09-02T18:44:40Z" name="setUp" finished-at="2020-09-02T18:44:50Z" duration-ms="9896" status="PASS">
          <params>
            <param index="0">
              <value>
                <![CDATA[chrome]]>
              </value>
            </param>
          </params>
          <reporter-output>
          </reporter-output>
        </test-method> <!-- setUp -->
        <test-method signature="testLogin()[pri:4, instance:org.mycompany.TestClasses.LoginPageTest@385e9564]" started-at="2020-09-02T18:44:50Z" name="testLogin" finished-at="2020-09-02T18:44:52Z" duration-ms="2797" status="PASS">
          <reporter-output>
          </reporter-output>
        </test-method> <!-- testLogin -->
      </class> <!-- org.mycompany.TestClasses.LoginPageTest -->
    </test> <!-- Test -->
  </suite> <!-- Suite -->
</testng-results>
